Analysis & Synthesis report for CPU
Fri Mar 24 19:42:04 2023
Quartus II 32-bit Version 12.1 Build 243 01/31/2013 Service Pack 1 SJ Web Edition


---------------------
; Table of Contents ;
---------------------
  1. Legal Notice
  2. Analysis & Synthesis Summary
  3. Analysis & Synthesis Settings
  4. Parallel Compilation
  5. Analysis & Synthesis Source Files Read
  6. Analysis & Synthesis Resource Usage Summary
  7. Analysis & Synthesis Resource Utilization by Entity
  8. Registers Removed During Synthesis
  9. General Register Statistics
 10. Multiplexer Restructuring Statistics (Restructuring Performed)
 11. Parameter Settings for User Entity Instance: cd:data_path|registro:pc
 12. Parameter Settings for User Entity Instance: cd:data_path|mux2:mux_jump
 13. Parameter Settings for User Entity Instance: cd:data_path|mux2:mux_write
 14. Port Connectivity Checks: "cd:data_path|sum:sumador"
 15. Elapsed Time Per Partition
 16. Analysis & Synthesis Messages
 17. Analysis & Synthesis Suppressed Messages



----------------
; Legal Notice ;
----------------
Copyright (C) 1991-2012 Altera Corporation
Your use of Altera Corporation's design tools, logic functions 
and other software and tools, and its AMPP partner logic 
functions, and any output files from any of the foregoing 
(including device programming or simulation files), and any 
associated documentation or information are expressly subject 
to the terms and conditions of the Altera Program License 
Subscription Agreement, Altera MegaCore Function License 
Agreement, or other applicable license agreement, including, 
without limitation, that your use is for the sole purpose of 
programming logic devices manufactured by Altera and sold by 
Altera or its authorized distributors.  Please refer to the 
applicable agreement for further details.



+------------------------------------------------------------------------------------+
; Analysis & Synthesis Summary                                                       ;
+------------------------------------+-----------------------------------------------+
; Analysis & Synthesis Status        ; Successful - Fri Mar 24 19:42:04 2023         ;
; Quartus II 32-bit Version          ; 12.1 Build 243 01/31/2013 SP 1 SJ Web Edition ;
; Revision Name                      ; CPU                                           ;
; Top-level Entity Name              ; CPU                                           ;
; Family                             ; Cyclone II                                    ;
; Total logic elements               ; 302                                           ;
;     Total combinational functions  ; 214                                           ;
;     Dedicated logic registers      ; 107                                           ;
; Total registers                    ; 107                                           ;
; Total pins                         ; 8                                             ;
; Total virtual pins                 ; 0                                             ;
; Total memory bits                  ; 0                                             ;
; Embedded Multiplier 9-bit elements ; 0                                             ;
; Total PLLs                         ; 0                                             ;
+------------------------------------+-----------------------------------------------+


+----------------------------------------------------------------------------------------------------------------------+
; Analysis & Synthesis Settings                                                                                        ;
+----------------------------------------------------------------------------+--------------------+--------------------+
; Option                                                                     ; Setting            ; Default Value      ;
+----------------------------------------------------------------------------+--------------------+--------------------+
; Device                                                                     ; EP2C20F484C7       ;                    ;
; Top-level entity name                                                      ; CPU                ; CPU                ;
; Family name                                                                ; Cyclone II         ; Cyclone IV GX      ;
; Use smart compilation                                                      ; Off                ; Off                ;
; Enable parallel Assembler and TimeQuest Timing Analyzer during compilation ; On                 ; On                 ;
; Enable compact report table                                                ; Off                ; Off                ;
; Restructure Multiplexers                                                   ; Auto               ; Auto               ;
; Create Debugging Nodes for IP Cores                                        ; Off                ; Off                ;
; Preserve fewer node names                                                  ; On                 ; On                 ;
; Disable OpenCore Plus hardware evaluation                                  ; Off                ; Off                ;
; Verilog Version                                                            ; Verilog_2001       ; Verilog_2001       ;
; VHDL Version                                                               ; VHDL_1993          ; VHDL_1993          ;
; State Machine Processing                                                   ; Auto               ; Auto               ;
; Safe State Machine                                                         ; Off                ; Off                ;
; Extract Verilog State Machines                                             ; On                 ; On                 ;
; Extract VHDL State Machines                                                ; On                 ; On                 ;
; Ignore Verilog initial constructs                                          ; Off                ; Off                ;
; Iteration limit for constant Verilog loops                                 ; 5000               ; 5000               ;
; Iteration limit for non-constant Verilog loops                             ; 250                ; 250                ;
; Add Pass-Through Logic to Inferred RAMs                                    ; On                 ; On                 ;
; Infer RAMs from Raw Logic                                                  ; On                 ; On                 ;
; Parallel Synthesis                                                         ; On                 ; On                 ;
; DSP Block Balancing                                                        ; Auto               ; Auto               ;
; NOT Gate Push-Back                                                         ; On                 ; On                 ;
; Power-Up Don't Care                                                        ; On                 ; On                 ;
; Remove Redundant Logic Cells                                               ; Off                ; Off                ;
; Remove Duplicate Registers                                                 ; On                 ; On                 ;
; Ignore CARRY Buffers                                                       ; Off                ; Off                ;
; Ignore CASCADE Buffers                                                     ; Off                ; Off                ;
; Ignore GLOBAL Buffers                                                      ; Off                ; Off                ;
; Ignore ROW GLOBAL Buffers                                                  ; Off                ; Off                ;
; Ignore LCELL Buffers                                                       ; Off                ; Off                ;
; Ignore SOFT Buffers                                                        ; On                 ; On                 ;
; Limit AHDL Integers to 32 Bits                                             ; Off                ; Off                ;
; Optimization Technique                                                     ; Balanced           ; Balanced           ;
; Carry Chain Length                                                         ; 70                 ; 70                 ;
; Auto Carry Chains                                                          ; On                 ; On                 ;
; Auto Open-Drain Pins                                                       ; On                 ; On                 ;
; Perform WYSIWYG Primitive Resynthesis                                      ; Off                ; Off                ;
; Auto ROM Replacement                                                       ; On                 ; On                 ;
; Auto RAM Replacement                                                       ; On                 ; On                 ;
; Auto Shift Register Replacement                                            ; Auto               ; Auto               ;
; Allow Shift Register Merging across Hierarchies                            ; Auto               ; Auto               ;
; Auto Clock Enable Replacement                                              ; On                 ; On                 ;
; Strict RAM Replacement                                                     ; Off                ; Off                ;
; Allow Synchronous Control Signals                                          ; On                 ; On                 ;
; Force Use of Synchronous Clear Signals                                     ; Off                ; Off                ;
; Auto RAM to Logic Cell Conversion                                          ; Off                ; Off                ;
; Auto Resource Sharing                                                      ; Off                ; Off                ;
; Allow Any RAM Size For Recognition                                         ; Off                ; Off                ;
; Allow Any ROM Size For Recognition                                         ; Off                ; Off                ;
; Allow Any Shift Register Size For Recognition                              ; Off                ; Off                ;
; Use LogicLock Constraints during Resource Balancing                        ; On                 ; On                 ;
; Ignore translate_off and synthesis_off directives                          ; Off                ; Off                ;
; Timing-Driven Synthesis                                                    ; Off                ; Off                ;
; Report Parameter Settings                                                  ; On                 ; On                 ;
; Report Source Assignments                                                  ; On                 ; On                 ;
; Report Connectivity Checks                                                 ; On                 ; On                 ;
; Ignore Maximum Fan-Out Assignments                                         ; Off                ; Off                ;
; Synchronization Register Chain Length                                      ; 2                  ; 2                  ;
; PowerPlay Power Optimization                                               ; Normal compilation ; Normal compilation ;
; HDL message level                                                          ; Level2             ; Level2             ;
; Suppress Register Optimization Related Messages                            ; Off                ; Off                ;
; Number of Removed Registers Reported in Synthesis Report                   ; 5000               ; 5000               ;
; Number of Swept Nodes Reported in Synthesis Report                         ; 5000               ; 5000               ;
; Number of Inverted Registers Reported in Synthesis Report                  ; 100                ; 100                ;
; Clock MUX Protection                                                       ; On                 ; On                 ;
; Auto Gated Clock Conversion                                                ; Off                ; Off                ;
; Block Design Naming                                                        ; Auto               ; Auto               ;
; SDC constraint protection                                                  ; Off                ; Off                ;
; Synthesis Effort                                                           ; Auto               ; Auto               ;
; Shift Register Replacement - Allow Asynchronous Clear Signal               ; On                 ; On                 ;
; Pre-Mapping Resynthesis Optimization                                       ; Off                ; Off                ;
; Analysis & Synthesis Message Level                                         ; Medium             ; Medium             ;
; Disable Register Merging Across Hierarchies                                ; Auto               ; Auto               ;
; Resource Aware Inference For Block RAM                                     ; On                 ; On                 ;
; Synthesis Seed                                                             ; 1                  ; 1                  ;
+----------------------------------------------------------------------------+--------------------+--------------------+


+------------------------------------------+
; Parallel Compilation                     ;
+----------------------------+-------------+
; Processors                 ; Number      ;
+----------------------------+-------------+
; Number detected on machine ; 4           ;
; Maximum allowed            ; 4           ;
;                            ;             ;
; Average used               ; 1.00        ;
; Maximum used               ; 1           ;
;                            ;             ;
; Usage by Processor         ; % Time Used ;
;     1 processor            ; 100.0%      ;
;     2-4 processors         ;   0.0%      ;
+----------------------------+-------------+


+-----------------------------------------------------------------------------------------------------------------------------------------------+
; Analysis & Synthesis Source Files Read                                                                                                        ;
+----------------------------------+-----------------+------------------------------+-------------------------------------------------+---------+
; File Name with User-Entered Path ; Used in Netlist ; File Type                    ; File Name with Absolute Path                    ; Library ;
+----------------------------------+-----------------+------------------------------+-------------------------------------------------+---------+
; memprog.v                        ; yes             ; User Verilog HDL File        ; /home/alumno/pr1_processor_design/memprog.v     ;         ;
; uc.v                             ; yes             ; User Verilog HDL File        ; /home/alumno/pr1_processor_design/uc.v          ;         ;
; cpu.v                            ; yes             ; User Verilog HDL File        ; /home/alumno/pr1_processor_design/cpu.v         ;         ;
; alu.v                            ; yes             ; User Verilog HDL File        ; /home/alumno/pr1_processor_design/alu.v         ;         ;
; cd.v                             ; yes             ; User Verilog HDL File        ; /home/alumno/pr1_processor_design/cd.v          ;         ;
; componentes.v                    ; yes             ; User Verilog HDL File        ; /home/alumno/pr1_processor_design/componentes.v ;         ;
; regfile.dat                      ; yes             ; Auto-Found Unspecified File  ; /home/alumno/pr1_processor_design/regfile.dat   ;         ;
; progfile.dat                     ; yes             ; Auto-Found Unspecified File  ; /home/alumno/pr1_processor_design/progfile.dat  ;         ;
+----------------------------------+-----------------+------------------------------+-------------------------------------------------+---------+


+-----------------------------------------------------+
; Analysis & Synthesis Resource Usage Summary         ;
+---------------------------------------------+-------+
; Resource                                    ; Usage ;
+---------------------------------------------+-------+
; Estimated Total logic elements              ; 302   ;
;                                             ;       ;
; Total combinational functions               ; 214   ;
; Logic element usage by number of LUT inputs ;       ;
;     -- 4 input functions                    ; 168   ;
;     -- 3 input functions                    ; 32    ;
;     -- <=2 input functions                  ; 14    ;
;                                             ;       ;
; Logic elements by mode                      ;       ;
;     -- normal mode                          ; 197   ;
;     -- arithmetic mode                      ; 17    ;
;                                             ;       ;
; Total registers                             ; 107   ;
;     -- Dedicated logic registers            ; 107   ;
;     -- I/O registers                        ; 0     ;
;                                             ;       ;
; I/O pins                                    ; 8     ;
; Embedded Multiplier 9-bit elements          ; 0     ;
; Maximum fan-out                             ; 107   ;
; Total fan-out                               ; 1140  ;
; Average fan-out                             ; 3.47  ;
+---------------------------------------------+-------+


+--------------------------------------------------------------------------------------------------------------------------------------------------------------------------------------------+
; Analysis & Synthesis Resource Utilization by Entity                                                                                                                                        ;
+----------------------------+-------------------+--------------+-------------+--------------+---------+-----------+------+--------------+------------------------------------+--------------+
; Compilation Hierarchy Node ; LC Combinationals ; LC Registers ; Memory Bits ; DSP Elements ; DSP 9x9 ; DSP 18x18 ; Pins ; Virtual Pins ; Full Hierarchy Name                ; Library Name ;
+----------------------------+-------------------+--------------+-------------+--------------+---------+-----------+------+--------------+------------------------------------+--------------+
; |CPU                       ; 214 (1)           ; 107 (0)      ; 0           ; 0            ; 0       ; 0         ; 8    ; 0            ; |CPU                               ;              ;
;    |cd:data_path|          ; 209 (0)           ; 107 (0)      ; 0           ; 0            ; 0       ; 0         ; 0    ; 0            ; |CPU|cd:data_path                  ;              ;
;       |alu:alu0|           ; 66 (66)           ; 0 (0)        ; 0           ; 0            ; 0       ; 0         ; 0    ; 0            ; |CPU|cd:data_path|alu:alu0         ;              ;
;       |ffd:flag_zero|      ; 4 (4)             ; 1 (1)        ; 0           ; 0            ; 0       ; 0         ; 0    ; 0            ; |CPU|cd:data_path|ffd:flag_zero    ;              ;
;       |memprog:mem|        ; 23 (23)           ; 0 (0)        ; 0           ; 0            ; 0       ; 0         ; 0    ; 0            ; |CPU|cd:data_path|memprog:mem      ;              ;
;       |mux2:mux_write|     ; 8 (8)             ; 0 (0)        ; 0           ; 0            ; 0       ; 0         ; 0    ; 0            ; |CPU|cd:data_path|mux2:mux_write   ;              ;
;       |regfile:banc_reg|   ; 98 (98)           ; 96 (96)      ; 0           ; 0            ; 0       ; 0         ; 0    ; 0            ; |CPU|cd:data_path|regfile:banc_reg ;              ;
;       |registro:pc|        ; 10 (10)           ; 10 (10)      ; 0           ; 0            ; 0       ; 0         ; 0    ; 0            ; |CPU|cd:data_path|registro:pc      ;              ;
;    |uc:control_unit|       ; 4 (4)             ; 0 (0)        ; 0           ; 0            ; 0       ; 0         ; 0    ; 0            ; |CPU|uc:control_unit               ;              ;
+----------------------------+-------------------+--------------+-------------+--------------+---------+-----------+------+--------------+------------------------------------+--------------+
Note: For table entries with two numbers listed, the numbers in parentheses indicate the number of resources of the given type used by the specific entity alone. The numbers listed outside of parentheses indicate the total resources of the given type used by the specific entity and all of its sub-entities in the hierarchy.


+-------------------------------------------------------------+
; Registers Removed During Synthesis                          ;
+----------------------------------------+--------------------+
; Register name                          ; Reason for Removal ;
+----------------------------------------+--------------------+
; cd:data_path|regfile:banc_reg|regb~64  ; Lost fanout        ;
; cd:data_path|regfile:banc_reg|regb~72  ; Lost fanout        ;
; cd:data_path|regfile:banc_reg|regb~80  ; Lost fanout        ;
; cd:data_path|regfile:banc_reg|regb~88  ; Lost fanout        ;
; cd:data_path|regfile:banc_reg|regb~65  ; Lost fanout        ;
; cd:data_path|regfile:banc_reg|regb~73  ; Lost fanout        ;
; cd:data_path|regfile:banc_reg|regb~81  ; Lost fanout        ;
; cd:data_path|regfile:banc_reg|regb~89  ; Lost fanout        ;
; cd:data_path|regfile:banc_reg|regb~66  ; Lost fanout        ;
; cd:data_path|regfile:banc_reg|regb~74  ; Lost fanout        ;
; cd:data_path|regfile:banc_reg|regb~82  ; Lost fanout        ;
; cd:data_path|regfile:banc_reg|regb~90  ; Lost fanout        ;
; cd:data_path|regfile:banc_reg|regb~67  ; Lost fanout        ;
; cd:data_path|regfile:banc_reg|regb~75  ; Lost fanout        ;
; cd:data_path|regfile:banc_reg|regb~83  ; Lost fanout        ;
; cd:data_path|regfile:banc_reg|regb~91  ; Lost fanout        ;
; cd:data_path|regfile:banc_reg|regb~68  ; Lost fanout        ;
; cd:data_path|regfile:banc_reg|regb~76  ; Lost fanout        ;
; cd:data_path|regfile:banc_reg|regb~84  ; Lost fanout        ;
; cd:data_path|regfile:banc_reg|regb~92  ; Lost fanout        ;
; cd:data_path|regfile:banc_reg|regb~69  ; Lost fanout        ;
; cd:data_path|regfile:banc_reg|regb~77  ; Lost fanout        ;
; cd:data_path|regfile:banc_reg|regb~85  ; Lost fanout        ;
; cd:data_path|regfile:banc_reg|regb~93  ; Lost fanout        ;
; cd:data_path|regfile:banc_reg|regb~70  ; Lost fanout        ;
; cd:data_path|regfile:banc_reg|regb~78  ; Lost fanout        ;
; cd:data_path|regfile:banc_reg|regb~86  ; Lost fanout        ;
; cd:data_path|regfile:banc_reg|regb~94  ; Lost fanout        ;
; cd:data_path|regfile:banc_reg|regb~71  ; Lost fanout        ;
; cd:data_path|regfile:banc_reg|regb~79  ; Lost fanout        ;
; cd:data_path|regfile:banc_reg|regb~87  ; Lost fanout        ;
; cd:data_path|regfile:banc_reg|regb~95  ; Lost fanout        ;
; Total Number of Removed Registers = 32 ;                    ;
+----------------------------------------+--------------------+


+------------------------------------------------------+
; General Register Statistics                          ;
+----------------------------------------------+-------+
; Statistic                                    ; Value ;
+----------------------------------------------+-------+
; Total registers                              ; 107   ;
; Number of registers using Synchronous Clear  ; 0     ;
; Number of registers using Synchronous Load   ; 10    ;
; Number of registers using Asynchronous Clear ; 11    ;
; Number of registers using Asynchronous Load  ; 0     ;
; Number of registers using Clock Enable       ; 96    ;
; Number of registers using Preset             ; 0     ;
+----------------------------------------------+-------+


+-----------------------------------------------------------------------------------------------------------------------------------------------+
; Multiplexer Restructuring Statistics (Restructuring Performed)                                                                                ;
+--------------------+-----------+---------------+----------------------+------------------------+------------+---------------------------------+
; Multiplexer Inputs ; Bus Width ; Baseline Area ; Area if Restructured ; Saving if Restructured ; Registered ; Example Multiplexer Output      ;
+--------------------+-----------+---------------+----------------------+------------------------+------------+---------------------------------+
; 6:1                ; 8 bits    ; 32 LEs        ; 24 LEs               ; 8 LEs                  ; No         ; |CPU|cd:data_path|alu:alu0|Mux7 ;
; 3:1                ; 8 bits    ; 16 LEs        ; 16 LEs               ; 0 LEs                  ; No         ; |CPU|cd:data_path|alu:alu0|Add0 ;
+--------------------+-----------+---------------+----------------------+------------------------+------------+---------------------------------+


+-----------------------------------------------------------------------+
; Parameter Settings for User Entity Instance: cd:data_path|registro:pc ;
+----------------+-------+----------------------------------------------+
; Parameter Name ; Value ; Type                                         ;
+----------------+-------+----------------------------------------------+
; WIDTH          ; 10    ; Signed Integer                               ;
+----------------+-------+----------------------------------------------+
Note: In order to hide this table in the UI and the text report file, please set the "Show Parameter Settings in Synthesis Report" option in "Analysis and Synthesis Settings -> More Settings" to "Off".


+-------------------------------------------------------------------------+
; Parameter Settings for User Entity Instance: cd:data_path|mux2:mux_jump ;
+----------------+-------+------------------------------------------------+
; Parameter Name ; Value ; Type                                           ;
+----------------+-------+------------------------------------------------+
; WIDTH          ; 10    ; Signed Integer                                 ;
+----------------+-------+------------------------------------------------+
Note: In order to hide this table in the UI and the text report file, please set the "Show Parameter Settings in Synthesis Report" option in "Analysis and Synthesis Settings -> More Settings" to "Off".


+--------------------------------------------------------------------------+
; Parameter Settings for User Entity Instance: cd:data_path|mux2:mux_write ;
+----------------+-------+-------------------------------------------------+
; Parameter Name ; Value ; Type                                            ;
+----------------+-------+-------------------------------------------------+
; WIDTH          ; 8     ; Signed Integer                                  ;
+----------------+-------+-------------------------------------------------+
Note: In order to hide this table in the UI and the text report file, please set the "Show Parameter Settings in Synthesis Report" option in "Analysis and Synthesis Settings -> More Settings" to "Off".


+------------------------------------------------------+
; Port Connectivity Checks: "cd:data_path|sum:sumador" ;
+---------+-------+----------+-------------------------+
; Port    ; Type  ; Severity ; Details                 ;
+---------+-------+----------+-------------------------+
; a[9..1] ; Input ; Info     ; Stuck at GND            ;
; a[0]    ; Input ; Info     ; Stuck at VCC            ;
+---------+-------+----------+-------------------------+


+-------------------------------+
; Elapsed Time Per Partition    ;
+----------------+--------------+
; Partition Name ; Elapsed Time ;
+----------------+--------------+
; Top            ; 00:00:00     ;
+----------------+--------------+


+-------------------------------+
; Analysis & Synthesis Messages ;
+-------------------------------+
Info: *******************************************************************
Info: Running Quartus II 32-bit Analysis & Synthesis
    Info: Version 12.1 Build 243 01/31/2013 Service Pack 1 SJ Web Edition
    Info: Processing started: Fri Mar 24 19:42:02 2023
Info: Command: quartus_map --read_settings_files=on --write_settings_files=off CPU -c CPU
Info (20030): Parallel compilation is enabled and will use 4 of the 4 processors detected
Info (12021): Found 1 design units, including 1 entities, in source file memprog.v
    Info (12023): Found entity 1: memprog
Info (12021): Found 1 design units, including 1 entities, in source file uc.v
    Info (12023): Found entity 1: uc
Info (12021): Found 1 design units, including 1 entities, in source file cpu.v
    Info (12023): Found entity 1: CPU
Info (12021): Found 1 design units, including 1 entities, in source file alu.v
    Info (12023): Found entity 1: alu
Info (12021): Found 1 design units, including 1 entities, in source file cd.v
    Info (12023): Found entity 1: cd
Info (12021): Found 5 design units, including 5 entities, in source file componentes.v
    Info (12023): Found entity 1: regfile
    Info (12023): Found entity 2: sum
    Info (12023): Found entity 3: registro
    Info (12023): Found entity 4: mux2
    Info (12023): Found entity 5: ffd
Info (12127): Elaborating entity "CPU" for the top level hierarchy
Info (12128): Elaborating entity "cd" for hierarchy "cd:data_path"
Info (12128): Elaborating entity "registro" for hierarchy "cd:data_path|registro:pc"
Info (12128): Elaborating entity "memprog" for hierarchy "cd:data_path|memprog:mem"
Warning (10030): Net "mem.data_a" at memprog.v(7) has no driver or initial value, using a default initial value '0'
Warning (10030): Net "mem.waddr_a" at memprog.v(7) has no driver or initial value, using a default initial value '0'
Warning (10030): Net "mem.we_a" at memprog.v(7) has no driver or initial value, using a default initial value '0'
Info (12128): Elaborating entity "mux2" for hierarchy "cd:data_path|mux2:mux_jump"
Info (12128): Elaborating entity "sum" for hierarchy "cd:data_path|sum:sumador"
Info (12128): Elaborating entity "mux2" for hierarchy "cd:data_path|mux2:mux_write"
Info (12128): Elaborating entity "regfile" for hierarchy "cd:data_path|regfile:banc_reg"
Info (12128): Elaborating entity "alu" for hierarchy "cd:data_path|alu:alu0"
Info (12128): Elaborating entity "ffd" for hierarchy "cd:data_path|ffd:flag_zero"
Info (12128): Elaborating entity "uc" for hierarchy "uc:control_unit"
Info (276014): Found 1 instances of uninferred RAM logic
    Info (276007): RAM logic "cd:data_path|regfile:banc_reg|regb" is uninferred due to asynchronous read logic
Info (17049): 32 registers lost all their fanouts during netlist optimizations.
Info (144001): Generated suppressed messages file /home/alumno/pr1_processor_design/output_files/CPU.map.smsg
Info (16010): Generating hard_block partition "hard_block:auto_generated_inst"
    Info (16011): Adding 0 node(s), including 0 DDIO, 0 PLL, 0 transceiver and 0 LCELL
Info (21057): Implemented 318 device resources after synthesis - the final resource count might be different
    Info (21058): Implemented 2 input pins
    Info (21059): Implemented 6 output pins
    Info (21061): Implemented 310 logic cells
Info: Quartus II 32-bit Analysis & Synthesis was successful. 0 errors, 3 warnings
    Info: Peak virtual memory: 333 megabytes
    Info: Processing ended: Fri Mar 24 19:42:04 2023
    Info: Elapsed time: 00:00:02
    Info: Total CPU time (on all processors): 00:00:02


+------------------------------------------+
; Analysis & Synthesis Suppressed Messages ;
+------------------------------------------+
The suppressed messages can be found in /home/alumno/pr1_processor_design/output_files/CPU.map.smsg.


