Info: Starting: Create block symbol file (.bsf)
Info: ip-generate --project-directory=/home/alumno/Documentos/niosII_hw_dev_tutorial/ --output-directory=/home/alumno/Documentos/niosII_hw_dev_tutorial/first_nios2_system/ --report-file=bsf:/home/alumno/Documentos/niosII_hw_dev_tutorial/first_nios2_system.bsf --system-info=DEVICE_FAMILY="Cyclone II" --system-info=DEVICE=EP2C20F484C7 --system-info=DEVICE_SPEEDGRADE=7 --component-file=/home/alumno/Documentos/niosII_hw_dev_tutorial/first_nios2_system.qsys
Progress: Loading niosII_hw_dev_tutorial/first_nios2_system.qsys
Progress: Reading input file
Progress: Adding clk_0 [clock_source 12.1]
Progress: Parameterizing module clk_0
Progress: Adding onchip_mem [altera_avalon_onchip_memory2 12.1]
Progress: Parameterizing module onchip_mem
Progress: Adding cpu [altera_nios2_qsys 12.1]
Progress: Parameterizing module cpu
Progress: Adding jtag_uart [altera_avalon_jtag_uart 12.1]
Progress: Parameterizing module jtag_uart
Progress: Adding sys_clk_timer [altera_avalon_timer 12.1]
Progress: Parameterizing module sys_clk_timer
Progress: Adding sysid [altera_avalon_sysid_qsys 12.1]
Progress: Parameterizing module sysid
Progress: Adding led_pio [altera_avalon_pio 12.1]
Progress: Parameterizing module led_pio
Progress: Adding timestamp_timer [altera_avalon_timer 12.1]
Progress: Parameterizing module timestamp_timer
Progress: Adding sram_0 [altera_up_avalon_sram 12.0]
Progress: Parameterizing module sram_0
Progress: Adding sdram [altera_avalon_new_sdram_controller 12.1]
Progress: Parameterizing module sdram
Progress: Adding clocks [altera_up_clocks 12.0]
Progress: Parameterizing module clocks
Progress: Building connections
Progress: Parameterizing connections
Progress: Validating
Progress: Done reading input file
Info: first_nios2_system.onchip_mem: Memory will be initialized from onchip_mem.hex
Info: first_nios2_system.sysid: System ID is not assigned automatically. Edit the System ID parameter to provide a unique ID
Info: first_nios2_system.sysid: Time stamp will be automatically updated when this component is generated.
Warning: first_nios2_system.timestamp_timer: Interrupt sender timestamp_timer.irq is not connected to an interrupt receiver
Info: ip-generate succeeded.
Info: Finished: Create block symbol file (.bsf)
Info: 
Info: Starting: Create HDL design files for synthesis
Info: ip-generate --project-directory=/home/alumno/Documentos/niosII_hw_dev_tutorial/ --output-directory=/home/alumno/Documentos/niosII_hw_dev_tutorial/first_nios2_system/synthesis/ --file-set=QUARTUS_SYNTH --report-file=sopcinfo:/home/alumno/Documentos/niosII_hw_dev_tutorial/first_nios2_system.sopcinfo --report-file=html:/home/alumno/Documentos/niosII_hw_dev_tutorial/first_nios2_system.html --report-file=qip:/home/alumno/Documentos/niosII_hw_dev_tutorial/first_nios2_system/synthesis/first_nios2_system.qip --report-file=cmp:/home/alumno/Documentos/niosII_hw_dev_tutorial/first_nios2_system.cmp --system-info=DEVICE_FAMILY="Cyclone II" --system-info=DEVICE=EP2C20F484C7 --system-info=DEVICE_SPEEDGRADE=7 --component-file=/home/alumno/Documentos/niosII_hw_dev_tutorial/first_nios2_system.qsys
Progress: Loading niosII_hw_dev_tutorial/first_nios2_system.qsys
Progress: Reading input file
Progress: Adding clk_0 [clock_source 12.1]
Progress: Parameterizing module clk_0
Progress: Adding onchip_mem [altera_avalon_onchip_memory2 12.1]
Progress: Parameterizing module onchip_mem
Progress: Adding cpu [altera_nios2_qsys 12.1]
Progress: Parameterizing module cpu
Progress: Adding jtag_uart [altera_avalon_jtag_uart 12.1]
Progress: Parameterizing module jtag_uart
Progress: Adding sys_clk_timer [altera_avalon_timer 12.1]
Progress: Parameterizing module sys_clk_timer
Progress: Adding sysid [altera_avalon_sysid_qsys 12.1]
Progress: Parameterizing module sysid
Progress: Adding led_pio [altera_avalon_pio 12.1]
Progress: Parameterizing module led_pio
Progress: Adding timestamp_timer [altera_avalon_timer 12.1]
Progress: Parameterizing module timestamp_timer
Progress: Adding sram_0 [altera_up_avalon_sram 12.0]
Progress: Parameterizing module sram_0
Progress: Adding sdram [altera_avalon_new_sdram_controller 12.1]
Progress: Parameterizing module sdram
Progress: Adding clocks [altera_up_clocks 12.0]
Progress: Parameterizing module clocks
Progress: Building connections
Progress: Parameterizing connections
Progress: Validating
Progress: Done reading input file
Info: first_nios2_system.onchip_mem: Memory will be initialized from onchip_mem.hex
Info: first_nios2_system.sysid: System ID is not assigned automatically. Edit the System ID parameter to provide a unique ID
Info: first_nios2_system.sysid: Time stamp will be automatically updated when this component is generated.
Warning: first_nios2_system.timestamp_timer: Interrupt sender timestamp_timer.irq is not connected to an interrupt receiver
Info: first_nios2_system: Generating first_nios2_system "first_nios2_system" for QUARTUS_SYNTH
Info: pipeline_bridge_swap_transform: After transform: 11 modules, 35 connections
Info: No custom instruction connections, skipping transform 
Info: merlin_translator_transform: After transform: 22 modules, 68 connections
Info: merlin_domain_transform: After transform: 43 modules, 177 connections
Info: merlin_router_transform: After transform: 54 modules, 210 connections
Info: merlin_traffic_limiter_transform: After transform: 55 modules, 214 connections
Info: merlin_burst_transform: After transform: 57 modules, 220 connections
Info: reset_adaptation_transform: After transform: 58 modules, 222 connections
Info: merlin_network_to_switch_transform: After transform: 79 modules, 270 connections
Info: merlin_width_transform: After transform: 83 modules, 282 connections
Info: limiter_update_transform: After transform: 83 modules, 283 connections
Info: merlin_interrupt_mapper_transform: After transform: 84 modules, 286 connections
Info: Starting classic module elaboration.
"/opt/altera/12.1sp1/quartus/linux/jre/bin/java" -Xmx512M -classpath "/opt/altera/12.1sp1/quartus/sopc_builder/bin/sopc_builder.jar:/opt/altera/12.1sp1/quartus/sopc_builder/bin/PinAssigner.jar:/opt/altera/12.1sp1/quartus/sopc_builder/bin/sopc_wizard.jar:/opt/altera/12.1sp1/quartus/sopc_builder/bin/jptf.jar" sopc_builder.sopc_builder  -d"/opt/altera/12.1sp1/quartus/sopc_builder" -notalkback=1 -projectnameyysystem.qpf -projectpath/tmp/alt9536_6100179556202738390.dir/0169_sopclgen  --no_splash --refresh /tmp/alt9536_6100179556202738390.dir/0169_sopclgen/yysystem.v --quartus_dir="/opt/altera/12.1sp1/quartus" --sopc_perl="/opt/altera/12.1sp1/quartus/linux/perl" --sopc_lib_path="++/opt/altera/12.1sp1/quartus/../ip/altera/sopc_builder_ip+/opt/altera/12.1sp1/quartus/../ip/altera/nios2_ip"
Info: Finished elaborating classic module.
Executing: /opt/altera/12.1sp1/quartus//sopc_builder/bin/sopc_builder --classic --generate /tmp/alt9536_6100179556202738390.dir/0169_sopclgen/yysystem.ptf
Info: Running sopc_builder...
"/opt/altera/12.1sp1/quartus//linux/jre/bin/java" -Xmx512M -classpath "/opt/altera/12.1sp1/quartus//sopc_builder/bin/sopc_builder.jar:/opt/altera/12.1sp1/quartus//sopc_builder/bin/PinAssigner.jar:/opt/altera/12.1sp1/quartus//sopc_builder/bin/sopc_wizard.jar:/opt/altera/12.1sp1/quartus//sopc_builder/bin/jptf.jar" sopc_builder.sopc_builder  -d"/opt/altera/12.1sp1/quartus//sopc_builder" -notalkback=1 -projectnameyysystem.qpf -projectpath/tmp/alt9536_6100179556202738390.dir/0169_sopclgen  --generate /tmp/alt9536_6100179556202738390.dir/0169_sopclgen/yysystem.v --quartus_dir="/opt/altera/12.1sp1/quartus/" --sopc_perl="/opt/altera/12.1sp1/quartus//linux/perl" --sopc_lib_path="++/opt/altera/12.1sp1/quartus//../ip/altera/sopc_builder_ip+/opt/altera/12.1sp1/quartus//../ip/altera/nios2_ip"
.
# 2023.06.28 14:28:18 (*) Success: sopc_builder finished.
Info: onchip_mem: "first_nios2_system" instantiated altera_avalon_onchip_memory2 "onchip_mem"
Info: cpu: Starting RTL generation for module 'first_nios2_system_cpu'
Info: cpu:   Generation command is [exec /opt/altera/12.1sp1/quartus/../ip/altera/nios2_ip/altera_nios2/eperl -I /opt/altera/12.1sp1/quartus/common/ip/altera/common/perl/5.8.3 -I /opt/altera/12.1sp1/quartus/sopc_builder/bin/europa -I /opt/altera/12.1sp1/quartus/sopc_builder/bin/perl_lib -I /opt/altera/12.1sp1/quartus/sopc_builder/bin -I /opt/altera/12.1sp1/quartus/../ip/altera/nios2_ip/altera_nios2/cpu_lib -I /opt/altera/12.1sp1/quartus/../ip/altera/nios2_ip/altera_nios2/nios_lib -I /opt/altera/12.1sp1/quartus/../ip/altera/nios2_ip/altera_nios2 -I /opt/altera/12.1sp1/quartus/../ip/altera/nios2_ip/altera_nios2 -- /opt/altera/12.1sp1/quartus/../ip/altera/nios2_ip/altera_nios2/generate_rtl.epl --name=first_nios2_system_cpu --dir=/tmp/alt9536_6100179556202738390.dir/0170_cpu_gen/ --quartus_dir=/opt/altera/12.1sp1/quartus --verilog --config=/tmp/alt9536_6100179556202738390.dir/0170_cpu_gen//first_nios2_system_cpu_processor_configuration.pl  --do_build_sim=0    --bogus  ]
Info: cpu: # 2023.06.28 14:28:19 (*) Starting Nios II generation
Info: cpu: # 2023.06.28 14:28:19 (*)   Checking for plaintext license.
Info: cpu: # 2023.06.28 14:28:20 (*)   Couldn't query license setup in Quartus directory /opt/altera/12.1sp1/quartus
Info: cpu: # 2023.06.28 14:28:20 (*)   Defaulting to contents of LM_LICENSE_FILE environment variable
Info: cpu: # 2023.06.28 14:28:20 (*)   LM_LICENSE_FILE environment variable is empty
Info: cpu: # 2023.06.28 14:28:20 (*)   Plaintext license not found.
Info: cpu: # 2023.06.28 14:28:20 (*)   Checking for encrypted license (non-evaluation).
Info: cpu: # 2023.06.28 14:28:21 (*)   Couldn't query license setup in Quartus directory /opt/altera/12.1sp1/quartus
Info: cpu: # 2023.06.28 14:28:21 (*)   Defaulting to contents of LM_LICENSE_FILE environment variable
Info: cpu: # 2023.06.28 14:28:21 (*)   LM_LICENSE_FILE environment variable is empty
Info: cpu: # 2023.06.28 14:28:21 (*)   Encrypted license not found.  Defaulting to OCP evaluation license (produces a time-limited SOF)
Info: cpu: # 2023.06.28 14:28:21 (*)   Elaborating CPU configuration settings
Info: cpu: # 2023.06.28 14:28:21 (*)   Creating all objects for CPU
Info: cpu: # 2023.06.28 14:28:21 (*)     Testbench
Info: cpu: # 2023.06.28 14:28:21 (*)     Instruction decoding
Info: cpu: # 2023.06.28 14:28:21 (*)       Instruction fields
Info: cpu: # 2023.06.28 14:28:21 (*)       Instruction decodes
Info: cpu: # 2023.06.28 14:28:22 (*)       Signals for RTL simulation waveforms
Info: cpu: # 2023.06.28 14:28:22 (*)       Instruction controls
Info: cpu: # 2023.06.28 14:28:22 (*)     Pipeline frontend
Info: cpu: # 2023.06.28 14:28:22 (*)     Pipeline backend
Info: cpu: # 2023.06.28 14:28:24 (*)   Generating RTL from CPU objects
Info: cpu: # 2023.06.28 14:28:27 (*)   Creating encrypted RTL
Info: cpu: # 2023.06.28 14:28:28 (*) Done Nios II generation
Info: cpu: Done RTL generation for module 'first_nios2_system_cpu'
Info: cpu: "first_nios2_system" instantiated altera_nios2_qsys "cpu"
Info: Starting classic module elaboration.
"/opt/altera/12.1sp1/quartus/linux/jre/bin/java" -Xmx512M -classpath "/opt/altera/12.1sp1/quartus/sopc_builder/bin/sopc_builder.jar:/opt/altera/12.1sp1/quartus/sopc_builder/bin/PinAssigner.jar:/opt/altera/12.1sp1/quartus/sopc_builder/bin/sopc_wizard.jar:/opt/altera/12.1sp1/quartus/sopc_builder/bin/jptf.jar" sopc_builder.sopc_builder  -d"/opt/altera/12.1sp1/quartus/sopc_builder" -notalkback=1 -projectnameyysystem.qpf -projectpath/tmp/alt9536_6100179556202738390.dir/0171_sopclgen  --no_splash --refresh /tmp/alt9536_6100179556202738390.dir/0171_sopclgen/yysystem.v --quartus_dir="/opt/altera/12.1sp1/quartus" --sopc_perl="/opt/altera/12.1sp1/quartus/linux/perl" --sopc_lib_path="++/opt/altera/12.1sp1/quartus/../ip/altera/sopc_builder_ip+/opt/altera/12.1sp1/quartus/../ip/altera/nios2_ip"
Info: Finished elaborating classic module.
Executing: /opt/altera/12.1sp1/quartus//sopc_builder/bin/sopc_builder --classic --generate /tmp/alt9536_6100179556202738390.dir/0171_sopclgen/yysystem.ptf
Info: Running sopc_builder...
"/opt/altera/12.1sp1/quartus//linux/jre/bin/java" -Xmx512M -classpath "/opt/altera/12.1sp1/quartus//sopc_builder/bin/sopc_builder.jar:/opt/altera/12.1sp1/quartus//sopc_builder/bin/PinAssigner.jar:/opt/altera/12.1sp1/quartus//sopc_builder/bin/sopc_wizard.jar:/opt/altera/12.1sp1/quartus//sopc_builder/bin/jptf.jar" sopc_builder.sopc_builder  -d"/opt/altera/12.1sp1/quartus//sopc_builder" -notalkback=1 -projectnameyysystem.qpf -projectpath/tmp/alt9536_6100179556202738390.dir/0171_sopclgen  --generate /tmp/alt9536_6100179556202738390.dir/0171_sopclgen/yysystem.v --quartus_dir="/opt/altera/12.1sp1/quartus/" --sopc_perl="/opt/altera/12.1sp1/quartus//linux/perl" --sopc_lib_path="++/opt/altera/12.1sp1/quartus//../ip/altera/sopc_builder_ip+/opt/altera/12.1sp1/quartus//../ip/altera/nios2_ip"
.
# 2023.06.28 14:28:32 (*) Success: sopc_builder finished.
Info: jtag_uart: "first_nios2_system" instantiated altera_avalon_jtag_uart "jtag_uart"
Info: Starting classic module elaboration.
"/opt/altera/12.1sp1/quartus/linux/jre/bin/java" -Xmx512M -classpath "/opt/altera/12.1sp1/quartus/sopc_builder/bin/sopc_builder.jar:/opt/altera/12.1sp1/quartus/sopc_builder/bin/PinAssigner.jar:/opt/altera/12.1sp1/quartus/sopc_builder/bin/sopc_wizard.jar:/opt/altera/12.1sp1/quartus/sopc_builder/bin/jptf.jar" sopc_builder.sopc_builder  -d"/opt/altera/12.1sp1/quartus/sopc_builder" -notalkback=1 -projectnameyysystem.qpf -projectpath/tmp/alt9536_6100179556202738390.dir/0172_sopclgen  --no_splash --refresh /tmp/alt9536_6100179556202738390.dir/0172_sopclgen/yysystem.v --quartus_dir="/opt/altera/12.1sp1/quartus" --sopc_perl="/opt/altera/12.1sp1/quartus/linux/perl" --sopc_lib_path="++/opt/altera/12.1sp1/quartus/../ip/altera/sopc_builder_ip+/opt/altera/12.1sp1/quartus/../ip/altera/nios2_ip"
Info: Finished elaborating classic module.
Executing: /opt/altera/12.1sp1/quartus//sopc_builder/bin/sopc_builder --classic --generate /tmp/alt9536_6100179556202738390.dir/0172_sopclgen/yysystem.ptf
Info: Running sopc_builder...
"/opt/altera/12.1sp1/quartus//linux/jre/bin/java" -Xmx512M -classpath "/opt/altera/12.1sp1/quartus//sopc_builder/bin/sopc_builder.jar:/opt/altera/12.1sp1/quartus//sopc_builder/bin/PinAssigner.jar:/opt/altera/12.1sp1/quartus//sopc_builder/bin/sopc_wizard.jar:/opt/altera/12.1sp1/quartus//sopc_builder/bin/jptf.jar" sopc_builder.sopc_builder  -d"/opt/altera/12.1sp1/quartus//sopc_builder" -notalkback=1 -projectnameyysystem.qpf -projectpath/tmp/alt9536_6100179556202738390.dir/0172_sopclgen  --generate /tmp/alt9536_6100179556202738390.dir/0172_sopclgen/yysystem.v --quartus_dir="/opt/altera/12.1sp1/quartus/" --sopc_perl="/opt/altera/12.1sp1/quartus//linux/perl" --sopc_lib_path="++/opt/altera/12.1sp1/quartus//../ip/altera/sopc_builder_ip+/opt/altera/12.1sp1/quartus//../ip/altera/nios2_ip"
.
# 2023.06.28 14:28:35 (*) Success: sopc_builder finished.
Info: sys_clk_timer: "first_nios2_system" instantiated altera_avalon_timer "sys_clk_timer"
Info: sysid: "first_nios2_system" instantiated altera_avalon_sysid_qsys "sysid"
Info: Starting classic module elaboration.
"/opt/altera/12.1sp1/quartus/linux/jre/bin/java" -Xmx512M -classpath "/opt/altera/12.1sp1/quartus/sopc_builder/bin/sopc_builder.jar:/opt/altera/12.1sp1/quartus/sopc_builder/bin/PinAssigner.jar:/opt/altera/12.1sp1/quartus/sopc_builder/bin/sopc_wizard.jar:/opt/altera/12.1sp1/quartus/sopc_builder/bin/jptf.jar" sopc_builder.sopc_builder  -d"/opt/altera/12.1sp1/quartus/sopc_builder" -notalkback=1 -projectnameyysystem.qpf -projectpath/tmp/alt9536_6100179556202738390.dir/0174_sopclgen  --no_splash --refresh /tmp/alt9536_6100179556202738390.dir/0174_sopclgen/yysystem.v --quartus_dir="/opt/altera/12.1sp1/quartus" --sopc_perl="/opt/altera/12.1sp1/quartus/linux/perl" --sopc_lib_path="++/opt/altera/12.1sp1/quartus/../ip/altera/sopc_builder_ip+/opt/altera/12.1sp1/quartus/../ip/altera/nios2_ip"
Info: Finished elaborating classic module.
Executing: /opt/altera/12.1sp1/quartus//sopc_builder/bin/sopc_builder --classic --generate /tmp/alt9536_6100179556202738390.dir/0174_sopclgen/yysystem.ptf
Info: Running sopc_builder...
"/opt/altera/12.1sp1/quartus//linux/jre/bin/java" -Xmx512M -classpath "/opt/altera/12.1sp1/quartus//sopc_builder/bin/sopc_builder.jar:/opt/altera/12.1sp1/quartus//sopc_builder/bin/PinAssigner.jar:/opt/altera/12.1sp1/quartus//sopc_builder/bin/sopc_wizard.jar:/opt/altera/12.1sp1/quartus//sopc_builder/bin/jptf.jar" sopc_builder.sopc_builder  -d"/opt/altera/12.1sp1/quartus//sopc_builder" -notalkback=1 -projectnameyysystem.qpf -projectpath/tmp/alt9536_6100179556202738390.dir/0174_sopclgen  --generate /tmp/alt9536_6100179556202738390.dir/0174_sopclgen/yysystem.v --quartus_dir="/opt/altera/12.1sp1/quartus/" --sopc_perl="/opt/altera/12.1sp1/quartus//linux/perl" --sopc_lib_path="++/opt/altera/12.1sp1/quartus//../ip/altera/sopc_builder_ip+/opt/altera/12.1sp1/quartus//../ip/altera/nios2_ip"
.
# 2023.06.28 14:28:39 (*) Success: sopc_builder finished.
Info: led_pio: "first_nios2_system" instantiated altera_avalon_pio "led_pio"
Info: Starting classic module elaboration.
"/opt/altera/12.1sp1/quartus/linux/jre/bin/java" -Xmx512M -classpath "/opt/altera/12.1sp1/quartus/sopc_builder/bin/sopc_builder.jar:/opt/altera/12.1sp1/quartus/sopc_builder/bin/PinAssigner.jar:/opt/altera/12.1sp1/quartus/sopc_builder/bin/sopc_wizard.jar:/opt/altera/12.1sp1/quartus/sopc_builder/bin/jptf.jar" sopc_builder.sopc_builder  -d"/opt/altera/12.1sp1/quartus/sopc_builder" -notalkback=1 -projectnameyysystem.qpf -projectpath/tmp/alt9536_6100179556202738390.dir/0175_sopclgen  --no_splash --refresh /tmp/alt9536_6100179556202738390.dir/0175_sopclgen/yysystem.v --quartus_dir="/opt/altera/12.1sp1/quartus" --sopc_perl="/opt/altera/12.1sp1/quartus/linux/perl" --sopc_lib_path="++/opt/altera/12.1sp1/quartus/../ip/altera/sopc_builder_ip+/opt/altera/12.1sp1/quartus/../ip/altera/nios2_ip"
Info: Finished elaborating classic module.
Executing: /opt/altera/12.1sp1/quartus//sopc_builder/bin/sopc_builder --classic --generate /tmp/alt9536_6100179556202738390.dir/0175_sopclgen/yysystem.ptf
Info: Running sopc_builder...
"/opt/altera/12.1sp1/quartus//linux/jre/bin/java" -Xmx512M -classpath "/opt/altera/12.1sp1/quartus//sopc_builder/bin/sopc_builder.jar:/opt/altera/12.1sp1/quartus//sopc_builder/bin/PinAssigner.jar:/opt/altera/12.1sp1/quartus//sopc_builder/bin/sopc_wizard.jar:/opt/altera/12.1sp1/quartus//sopc_builder/bin/jptf.jar" sopc_builder.sopc_builder  -d"/opt/altera/12.1sp1/quartus//sopc_builder" -notalkback=1 -projectnameyysystem.qpf -projectpath/tmp/alt9536_6100179556202738390.dir/0175_sopclgen  --generate /tmp/alt9536_6100179556202738390.dir/0175_sopclgen/yysystem.v --quartus_dir="/opt/altera/12.1sp1/quartus/" --sopc_perl="/opt/altera/12.1sp1/quartus//linux/perl" --sopc_lib_path="++/opt/altera/12.1sp1/quartus//../ip/altera/sopc_builder_ip+/opt/altera/12.1sp1/quartus//../ip/altera/nios2_ip"
.
# 2023.06.28 14:28:43 (*) Success: sopc_builder finished.
Info: timestamp_timer: "first_nios2_system" instantiated altera_avalon_timer "timestamp_timer"
Info: sram_0: Starting Generation of SRAM or SSRAM Controller
Info: sram_0: "first_nios2_system" instantiated altera_up_avalon_sram "sram_0"
Info: Starting classic module elaboration.
"/opt/altera/12.1sp1/quartus/linux/jre/bin/java" -Xmx512M -classpath "/opt/altera/12.1sp1/quartus/sopc_builder/bin/sopc_builder.jar:/opt/altera/12.1sp1/quartus/sopc_builder/bin/PinAssigner.jar:/opt/altera/12.1sp1/quartus/sopc_builder/bin/sopc_wizard.jar:/opt/altera/12.1sp1/quartus/sopc_builder/bin/jptf.jar" sopc_builder.sopc_builder  -d"/opt/altera/12.1sp1/quartus/sopc_builder" -notalkback=1 -projectnameyysystem.qpf -projectpath/tmp/alt9536_6100179556202738390.dir/0177_sopclgen  --no_splash --refresh /tmp/alt9536_6100179556202738390.dir/0177_sopclgen/yysystem.v --quartus_dir="/opt/altera/12.1sp1/quartus" --sopc_perl="/opt/altera/12.1sp1/quartus/linux/perl" --sopc_lib_path="++/opt/altera/12.1sp1/quartus/../ip/altera/sopc_builder_ip+/opt/altera/12.1sp1/quartus/../ip/altera/nios2_ip"
Info: Finished elaborating classic module.
Executing: /opt/altera/12.1sp1/quartus//sopc_builder/bin/sopc_builder --classic --generate /tmp/alt9536_6100179556202738390.dir/0177_sopclgen/yysystem.ptf
Info: Running sopc_builder...
"/opt/altera/12.1sp1/quartus//linux/jre/bin/java" -Xmx512M -classpath "/opt/altera/12.1sp1/quartus//sopc_builder/bin/sopc_builder.jar:/opt/altera/12.1sp1/quartus//sopc_builder/bin/PinAssigner.jar:/opt/altera/12.1sp1/quartus//sopc_builder/bin/sopc_wizard.jar:/opt/altera/12.1sp1/quartus//sopc_builder/bin/jptf.jar" sopc_builder.sopc_builder  -d"/opt/altera/12.1sp1/quartus//sopc_builder" -notalkback=1 -projectnameyysystem.qpf -projectpath/tmp/alt9536_6100179556202738390.dir/0177_sopclgen  --generate /tmp/alt9536_6100179556202738390.dir/0177_sopclgen/yysystem.v --quartus_dir="/opt/altera/12.1sp1/quartus/" --sopc_perl="/opt/altera/12.1sp1/quartus//linux/perl" --sopc_lib_path="++/opt/altera/12.1sp1/quartus//../ip/altera/sopc_builder_ip+/opt/altera/12.1sp1/quartus//../ip/altera/nios2_ip"
.
.
# 2023.06.28 14:28:47 (*) Running Test Generator Program for first_nios2_system_sdram
# 2023.06.28 14:28:48 (*) Success: sopc_builder finished.
Info: sdram: "first_nios2_system" instantiated altera_avalon_new_sdram_controller "sdram"
Info: clocks: Starting Generation of Required Clocks for DE-Series Boards
Info: clocks: "first_nios2_system" instantiated altera_up_clocks "clocks"
Info: cpu_instruction_master_translator: "first_nios2_system" instantiated altera_merlin_master_translator "cpu_instruction_master_translator"
Info: cpu_jtag_debug_module_translator: "first_nios2_system" instantiated altera_merlin_slave_translator "cpu_jtag_debug_module_translator"
Info: cpu_instruction_master_translator_avalon_universal_master_0_agent: "first_nios2_system" instantiated altera_merlin_master_agent "cpu_instruction_master_translator_avalon_universal_master_0_agent"
Info: cpu_jtag_debug_module_translator_avalon_universal_slave_0_agent: "first_nios2_system" instantiated altera_merlin_slave_agent "cpu_jtag_debug_module_translator_avalon_universal_slave_0_agent"
Info: cpu_jtag_debug_module_translator_avalon_universal_slave_0_agent_rsp_fifo: "first_nios2_system" instantiated altera_avalon_sc_fifo "cpu_jtag_debug_module_translator_avalon_universal_slave_0_agent_rsp_fifo"
Info: addr_router: "first_nios2_system" instantiated altera_merlin_router "addr_router"
Info: addr_router_001: "first_nios2_system" instantiated altera_merlin_router "addr_router_001"
Info: id_router: "first_nios2_system" instantiated altera_merlin_router "id_router"
Info: id_router_002: "first_nios2_system" instantiated altera_merlin_router "id_router_002"
Info: id_router_004: "first_nios2_system" instantiated altera_merlin_router "id_router_004"
Info: limiter: "first_nios2_system" instantiated altera_merlin_traffic_limiter "limiter"
Info: burst_adapter: "first_nios2_system" instantiated altera_merlin_burst_adapter "burst_adapter"
Info: rst_controller: "first_nios2_system" instantiated altera_reset_controller "rst_controller"
Info: cmd_xbar_demux: "first_nios2_system" instantiated altera_merlin_demultiplexer "cmd_xbar_demux"
Info: cmd_xbar_demux_001: "first_nios2_system" instantiated altera_merlin_demultiplexer "cmd_xbar_demux_001"
Info: cmd_xbar_mux: "first_nios2_system" instantiated altera_merlin_multiplexer "cmd_xbar_mux"
Info: rsp_xbar_demux: "first_nios2_system" instantiated altera_merlin_demultiplexer "rsp_xbar_demux"
Info: rsp_xbar_demux_004: "first_nios2_system" instantiated altera_merlin_demultiplexer "rsp_xbar_demux_004"
Info: rsp_xbar_mux: "first_nios2_system" instantiated altera_merlin_multiplexer "rsp_xbar_mux"
Info: Reusing file /home/alumno/Documentos/niosII_hw_dev_tutorial/first_nios2_system/synthesis/submodules/altera_merlin_arbitrator.sv
Info: rsp_xbar_mux_001: "first_nios2_system" instantiated altera_merlin_multiplexer "rsp_xbar_mux_001"
Info: Reusing file /home/alumno/Documentos/niosII_hw_dev_tutorial/first_nios2_system/synthesis/submodules/altera_merlin_arbitrator.sv
Info: width_adapter: "first_nios2_system" instantiated altera_merlin_width_adapter "width_adapter"
Info: Reusing file /home/alumno/Documentos/niosII_hw_dev_tutorial/first_nios2_system/synthesis/submodules/altera_merlin_burst_uncompressor.sv
Info: Reusing file /home/alumno/Documentos/niosII_hw_dev_tutorial/first_nios2_system/synthesis/submodules/altera_merlin_address_alignment.sv
Info: irq_mapper: "first_nios2_system" instantiated altera_irq_mapper "irq_mapper"
Info: first_nios2_system: Done first_nios2_system" with 33 modules, 120 files, 2537491 bytes
Info: ip-generate succeeded.
Info: Finished: Create HDL design files for synthesis
